#
# There is insufficient memory for the Java Runtime Environment to continue.
# Native memory allocation (malloc) failed to allocate 32744 bytes for ChunkPool::allocate
# Possible reasons:
#   The system is out of physical RAM or swap space
#   The process is running with CompressedOops enabled, and the Java Heap may be blocking the growth of the native heap
# Possible solutions:
#   Reduce memory load on the system
#   Increase physical memory or swap space
#   Check if swap backing store is full
#   Decrease Java heap size (-Xmx/-Xms)
#   Decrease number of Java threads
#   Decrease Java thread stack sizes (-Xss)
#   Set larger code cache with -XX:ReservedCodeCacheSize=
#   JVM is running with Unscaled Compressed Oops mode in which the Java heap is
#     placed in the first 4GB address space. The Java Heap base address is the
#     maximum limit for the native heap growth. Please use -XX:HeapBaseMinAddress
#     to set the Java Heap base and to place the Java Heap above 4GB virtual address.
# This output file may be truncated or incomplete.
#
#  Out of Memory Error (allocation.cpp:272), pid=16796, tid=0x0000000000002320
#
# JRE version: Java(TM) SE Runtime Environment (8.0_202-b08) (build 1.8.0_202-b08)
# Java VM: Java HotSpot(TM) 64-Bit Server VM (25.202-b08 mixed mode windows-amd64 compressed oops)
# Failed to write core dump. Minidumps are not enabled by default on client versions of Windows
#

---------------  T H R E A D  ---------------

Current thread (0x0000000013a65800):  JavaThread "C2 CompilerThread1" daemon [_thread_in_native, id=8992, stack(0x00000000151c0000,0x00000000152c0000)]

Stack: [0x00000000151c0000,0x00000000152c0000]
[error occurred during error reporting (printing stack bounds), id 0xc0000005]

Native frames: (J=compiled Java code, j=interpreted, Vv=VM code, C=native code)


Current CompileTask:
C2: 242740 13351       4       org.gradle.tooling.internal.adapter.ProtocolToModelAdapter$InvocationHandlerImpl::invoke (176 bytes)


---------------  P R O C E S S  ---------------

Java Threads: ( => current thread )
  0x0000000015d52800 JavaThread "Unconstrained build operations Thread 40" [_thread_blocked, id=17892, stack(0x00000000254f0000,0x00000000255f0000)]
  0x0000000015d4b000 JavaThread "Unconstrained build operations Thread 39" [_thread_blocked, id=18192, stack(0x00000000253f0000,0x00000000254f0000)]
  0x0000000015d52000 JavaThread "Unconstrained build operations Thread 38" [_thread_blocked, id=13896, stack(0x00000000252f0000,0x00000000253f0000)]
  0x0000000015d4a800 JavaThread "Unconstrained build operations Thread 37" [_thread_blocked, id=15980, stack(0x00000000251f0000,0x00000000252f0000)]
  0x0000000015d51000 JavaThread "Unconstrained build operations Thread 36" [_thread_blocked, id=7148, stack(0x00000000250f0000,0x00000000251f0000)]
  0x0000000015d50800 JavaThread "Unconstrained build operations Thread 35" [_thread_blocked, id=20348, stack(0x0000000024ff0000,0x00000000250f0000)]
  0x0000000015d49000 JavaThread "Unconstrained build operations Thread 34" [_thread_blocked, id=9384, stack(0x0000000024ef0000,0x0000000024ff0000)]
  0x0000000015d4f800 JavaThread "Unconstrained build operations Thread 33" [_thread_blocked, id=3528, stack(0x0000000023c20000,0x0000000023d20000)]
  0x0000000015d4f000 JavaThread "Unconstrained build operations Thread 32" [_thread_blocked, id=13936, stack(0x0000000023b20000,0x0000000023c20000)]
  0x0000000015d49800 JavaThread "Unconstrained build operations Thread 31" [_thread_blocked, id=8300, stack(0x0000000023a20000,0x0000000023b20000)]
  0x0000000015d4d800 JavaThread "Unconstrained build operations Thread 30" [_thread_blocked, id=20148, stack(0x0000000023920000,0x0000000023a20000)]
  0x0000000015d4e000 JavaThread "Unconstrained build operations Thread 29" [_thread_blocked, id=7360, stack(0x0000000023820000,0x0000000023920000)]
  0x000000001a6c0800 JavaThread "Unconstrained build operations Thread 28" [_thread_blocked, id=7280, stack(0x0000000023620000,0x0000000023720000)]
  0x000000001a6c3800 JavaThread "Unconstrained build operations Thread 27" [_thread_blocked, id=5360, stack(0x0000000021be0000,0x0000000021ce0000)]
  0x000000001a6c3000 JavaThread "Memory manager" [_thread_blocked, id=10716, stack(0x00000000217e0000,0x00000000218e0000)]
  0x000000001a6b7800 JavaThread "Unconstrained build operations Thread 26" [_thread_blocked, id=6352, stack(0x00000000214e0000,0x00000000215e0000)]
  0x000000001a6be800 JavaThread "Unconstrained build operations Thread 25" [_thread_blocked, id=6412, stack(0x00000000213e0000,0x00000000214e0000)]
  0x000000001a6b7000 JavaThread "Unconstrained build operations Thread 24" [_thread_blocked, id=18052, stack(0x00000000212e0000,0x00000000213e0000)]
  0x000000001a6bd800 JavaThread "Unconstrained build operations Thread 23" [_thread_blocked, id=16788, stack(0x00000000211e0000,0x00000000212e0000)]
  0x000000001a6b6000 JavaThread "Unconstrained build operations Thread 22" [_thread_blocked, id=15448, stack(0x00000000210e0000,0x00000000211e0000)]
  0x000000001a6bd000 JavaThread "Unconstrained build operations Thread 21" [_thread_blocked, id=18392, stack(0x0000000020fe0000,0x00000000210e0000)]
  0x000000001a6b5800 JavaThread "Unconstrained build operations Thread 20" [_thread_blocked, id=5064, stack(0x0000000020ee0000,0x0000000020fe0000)]
  0x000000001a6bb800 JavaThread "Unconstrained build operations Thread 19" [_thread_blocked, id=18648, stack(0x0000000020de0000,0x0000000020ee0000)]
  0x000000001a6bc000 JavaThread "Unconstrained build operations Thread 18" [_thread_blocked, id=1440, stack(0x0000000020ce0000,0x0000000020de0000)]
  0x000000001a6ba000 JavaThread "Unconstrained build operations Thread 17" [_thread_blocked, id=7324, stack(0x0000000020be0000,0x0000000020ce0000)]
  0x000000001a6b8800 JavaThread "Unconstrained build operations Thread 16" [_thread_blocked, id=15184, stack(0x0000000020ae0000,0x0000000020be0000)]
  0x000000001a6ba800 JavaThread "Unconstrained build operations Thread 15" [_thread_blocked, id=2884, stack(0x00000000209e0000,0x0000000020ae0000)]
  0x000000001a6b9000 JavaThread "Unconstrained build operations Thread 14" [_thread_blocked, id=15860, stack(0x00000000208e0000,0x00000000209e0000)]
  0x000000001a9ba000 JavaThread "Unconstrained build operations Thread 13" [_thread_blocked, id=14292, stack(0x00000000207e0000,0x00000000208e0000)]
  0x000000001a9b9800 JavaThread "Unconstrained build operations Thread 12" [_thread_blocked, id=19836, stack(0x0000000002320000,0x0000000002420000)]
  0x000000001a9bf800 JavaThread "Unconstrained build operations Thread 11" [_thread_blocked, id=1240, stack(0x00000000009c0000,0x0000000000ac0000)]
  0x000000001a9be800 JavaThread "Unconstrained build operations Thread 10" [_thread_blocked, id=608, stack(0x00000000008c0000,0x00000000009c0000)]
  0x000000001a9be000 JavaThread "Unconstrained build operations Thread 9" [_thread_blocked, id=19948, stack(0x00000000206e0000,0x00000000207e0000)]
  0x000000001a9b6800 JavaThread "Unconstrained build operations Thread 8" [_thread_blocked, id=14864, stack(0x00000000191e0000,0x00000000192e0000)]
  0x000000001a9bd000 JavaThread "Unconstrained build operations Thread 7" [_thread_blocked, id=17740, stack(0x00000000205e0000,0x00000000206e0000)]
  0x000000001a9b8000 JavaThread "Unconstrained build operations Thread 6" [_thread_blocked, id=14528, stack(0x00000000204e0000,0x00000000205e0000)]
  0x000000001a9b7000 JavaThread "Unconstrained build operations Thread 5" [_thread_blocked, id=17356, stack(0x00000000203e0000,0x00000000204e0000)]
  0x000000001a9b5800 JavaThread "Unconstrained build operations Thread 4" [_thread_blocked, id=10080, stack(0x00000000202e0000,0x00000000203e0000)]
  0x000000001a9b8800 JavaThread "Unconstrained build operations Thread 3" [_thread_blocked, id=18244, stack(0x00000000201e0000,0x00000000202e0000)]
  0x000000001a9bb800 JavaThread "Unconstrained build operations Thread 2" [_thread_blocked, id=1468, stack(0x00000000200e0000,0x00000000201e0000)]
  0x000000001a9bb000 JavaThread "Unconstrained build operations" [_thread_blocked, id=12588, stack(0x000000001ffe0000,0x00000000200e0000)]
  0x000000001a9b0800 JavaThread "Cache worker for dependencies-accessors (D:\Training\Qnet Training\Qnet Training\Demos-Hands-On\QnetTraining19thDec\Hands_On_Session_5\card\.gradle\7.4\dependencies-accessors)" [_thread_blocked, id=18428, stack(0x000000001e6c0000,0x000000001e7c0000)]
  0x000000001a9b4000 JavaThread "Cache worker for file content cache (C:\Users\WELCOME\.gradle\caches\7.4\fileContent)" [_thread_blocked, id=19928, stack(0x000000001e010000,0x000000001e110000)]
  0x000000001a9b3800 JavaThread "Cache worker for execution history cache (C:\Users\WELCOME\.gradle\caches\7.4\executionHistory)" [_thread_blocked, id=12596, stack(0x000000001df10000,0x000000001e010000)]
  0x000000001a9b2000 JavaThread "Cache worker for file hash cache (D:\Training\Qnet Training\Qnet Training\Demos-Hands-On\QnetTraining19thDec\Hands_On_Session_5\card\.gradle\7.4\fileHashes)" [_thread_blocked, id=15732, stack(0x000000001db10000,0x000000001dc10000)]
  0x000000001a9b2800 JavaThread "Cache worker for cache directory md-rule (C:\Users\WELCOME\.gradle\caches\7.4\md-rule)" [_thread_blocked, id=432, stack(0x000000001da10000,0x000000001db10000)]
  0x0000000016b9f000 JavaThread "Cache worker for checksums cache (D:\Training\Qnet Training\Qnet Training\Demos-Hands-On\QnetTraining19thDec\Hands_On_Session_5\card\.gradle\7.4\checksums)" [_thread_blocked, id=11368, stack(0x000000001d910000,0x000000001da10000)]
  0x0000000016b9c000 JavaThread "jar transforms Thread 4" [_thread_blocked, id=2148, stack(0x000000001d610000,0x000000001d710000)]
  0x0000000016b9d800 JavaThread "jar transforms Thread 3" [_thread_blocked, id=16044, stack(0x000000001d510000,0x000000001d610000)]
  0x0000000016b9b800 JavaThread "jar transforms Thread 2" [_thread_blocked, id=13204, stack(0x000000001d410000,0x000000001d510000)]
  0x0000000016ba0000 JavaThread "jar transforms" [_thread_blocked, id=18320, stack(0x000000001d310000,0x000000001d410000)]
  0x0000000016b9a800 JavaThread "File watcher consumer" daemon [_thread_blocked, id=17220, stack(0x000000001bf50000,0x000000001c050000)]
  0x0000000016b9e800 JavaThread "File watcher server" daemon [_thread_in_native, id=10960, stack(0x000000001bb80000,0x000000001bc80000)]
  0x0000000016b9a000 JavaThread "Cache worker for file hash cache (C:\Users\WELCOME\.gradle\caches\7.4\fileHashes)" [_thread_blocked, id=15828, stack(0x00000000197e0000,0x00000000198e0000)]
  0x0000000016b9d000 JavaThread "File lock request listener" [_thread_in_native, id=20372, stack(0x00000000196e0000,0x00000000197e0000)]
  0x0000000016ba0800 JavaThread "Cache worker for journal cache (C:\Users\WELCOME\.gradle\caches\journal-1)" [_thread_blocked, id=9788, stack(0x00000000195e0000,0x00000000196e0000)]
  0x0000000016c60800 JavaThread "Daemon client event forwarder" [_thread_blocked, id=12840, stack(0x00000000192e0000,0x00000000193e0000)]
  0x0000000016c4f800 JavaThread "Asynchronous log dispatcher for DefaultDaemonConnection: socket connection from /127.0.0.1:60148 to /127.0.0.1:60149" [_thread_blocked, id=11024, stack(0x00000000190e0000,0x00000000191e0000)]
  0x0000000016c49000 JavaThread "Daemon worker" [_thread_in_vm, id=10364, stack(0x0000000018fe0000,0x00000000190e0000)]
  0x0000000016d0b800 JavaThread "Cancel handler" [_thread_blocked, id=124, stack(0x0000000018ee0000,0x0000000018fe0000)]
  0x0000000015798800 JavaThread "Handler for socket connection from /127.0.0.1:60148 to /127.0.0.1:60149" [_thread_in_native, id=15772, stack(0x0000000018de0000,0x0000000018ee0000)]
  0x000000001578d800 JavaThread "Daemon" [_thread_blocked, id=17664, stack(0x0000000018ce0000,0x0000000018de0000)]
  0x000000001688d800 JavaThread "Daemon periodic checks" [_thread_blocked, id=17608, stack(0x00000000189e0000,0x0000000018ae0000)]
  0x0000000016268800 JavaThread "Incoming local TCP Connector on port 60148" [_thread_in_native, id=1752, stack(0x00000000187a0000,0x00000000188a0000)]
  0x0000000017366800 JavaThread "Daemon health stats" [_thread_blocked, id=3184, stack(0x0000000018360000,0x0000000018460000)]
  0x0000000013abd800 JavaThread "Service Thread" daemon [_thread_blocked, id=13808, stack(0x00000000157c0000,0x00000000158c0000)]
  0x0000000013a73000 JavaThread "C1 CompilerThread2" daemon [_thread_blocked, id=11188, stack(0x00000000152c0000,0x00000000153c0000)]
=>0x0000000013a65800 JavaThread "C2 CompilerThread1" daemon [_thread_in_native, id=8992, stack(0x00000000151c0000,0x00000000152c0000)]
  0x0000000013a62800 JavaThread "C2 CompilerThread0" daemon [_thread_in_native, id=6372, stack(0x00000000150c0000,0x00000000151c0000)]
  0x0000000013a5e000 JavaThread "Attach Listener" daemon [_thread_blocked, id=11468, stack(0x0000000014fc0000,0x00000000150c0000)]
  0x0000000013a5b000 JavaThread "Signal Dispatcher" daemon [_thread_blocked, id=13492, stack(0x0000000014ec0000,0x0000000014fc0000)]
  0x00000000026eb800 JavaThread "Finalizer" daemon [_thread_blocked, id=14160, stack(0x0000000014cc0000,0x0000000014dc0000)]
  0x00000000026e2000 JavaThread "Reference Handler" daemon [_thread_blocked, id=17756, stack(0x0000000014bc0000,0x0000000014cc0000)]
  0x00000000024ee800 JavaThread "main" [_thread_blocked, id=12568, stack(0x00000000024f0000,0x00000000025f0000)]

Other Threads:
  0x0000000013a27000 VMThread [stack: 0x0000000014ac0000,0x0000000014bc0000] [id=10176]
  0x0000000013abe000 WatcherThread [stack: 0x00000000158c0000,0x00000000159c0000] [id=13388]

VM state:not at safepoint (normal execution)

VM Mutex/Monitor currently owned by a thread: None

heap address: 0x00000000e0000000, size: 512 MB, Compressed Oops mode: 32-bit
Narrow klass base: 0x0000000000000000, Narrow klass shift: 3
Compressed class space size: 1073741824 Address: 0x0000000100000000

Heap:
 PSYoungGen      total 158208K, used 129022K [0x00000000f5580000, 0x00000000ffe80000, 0x0000000100000000)
  eden space 144384K, 84% used [0x00000000f5580000,0x00000000fcc056e0,0x00000000fe280000)
  from space 13824K, 55% used [0x00000000ff100000,0x00000000ff87a2e8,0x00000000ffe80000)
  to   space 14336K, 0% used [0x00000000fe280000,0x00000000fe280000,0x00000000ff080000)
 ParOldGen       total 197120K, used 58517K [0x00000000e0000000, 0x00000000ec080000, 0x00000000f5580000)
  object space 197120K, 29% used [0x00000000e0000000,0x00000000e3925400,0x00000000ec080000)
 Metaspace       used 74908K, capacity 79730K, committed 79832K, reserved 1118208K
  class space    used 10047K, capacity 10917K, committed 11008K, reserved 1048576K

Card table byte_map: [0x0000000011ab0000,0x0000000011bc0000] byte_map_base: 0x00000000113b0000

Marking Bits: (ParMarkBitMap*) 0x00000000707c5ce0
 Begin Bits: [0x0000000011fc0000, 0x00000000127c0000)
 End Bits:   [0x00000000127c0000, 0x0000000012fc0000)

Polling page: 0x0000000000720000

CodeCache: size=245760Kb used=39409Kb max_used=39713Kb free=206350Kb
 bounds [0x00000000026f0000, 0x0000000004df0000, 0x00000000116f0000]
 total_blobs=11953 nmethods=11116 adapters=748
 compilation: enabled

Compilation events (10 events):
Event: 242.601 Thread 0x0000000013a73000 13456       3       java.util.concurrent.ConcurrentLinkedQueue$Itr::hasNext (13 bytes)
Event: 242.602 Thread 0x0000000013a73000 nmethod 13456 0x000000000303fed0 code [0x0000000003040020, 0x00000000030401d0]
Event: 242.607 Thread 0x0000000013a73000 13457  s!   3       org.gradle.internal.concurrent.CompositeStoppable::stop (123 bytes)
Event: 242.625 Thread 0x0000000013a73000 nmethod 13457 0x00000000031adbd0 code [0x00000000031adf80, 0x00000000031b0178]
Event: 242.632 Thread 0x0000000013a73000 13458  s!   3       org.gradle.internal.service.DefaultServiceRegistry$ManagedObjectServiceProvider::stop (59 bytes)
Event: 242.634 Thread 0x0000000013a73000 nmethod 13458 0x000000000392bd10 code [0x000000000392bf40, 0x000000000392cbb8]
Event: 242.635 Thread 0x0000000013a73000 13459       3       java.util.AbstractQueue::clear (11 bytes)
Event: 242.636 Thread 0x0000000013a73000 nmethod 13459 0x0000000003682290 code [0x0000000003682400, 0x00000000036826c8]
Event: 242.639 Thread 0x0000000013a73000 13460       3       java.util.concurrent.ConcurrentLinkedQueue$Itr::next (20 bytes)
Event: 242.639 Thread 0x0000000013a73000 nmethod 13460 0x0000000003c9b690 code [0x0000000003c9b800, 0x0000000003c9ba78]

GC Heap History (10 events):
Event: 163.064 GC heap before
{Heap before GC invocations=29 (full 3):
 PSYoungGen      total 155648K, used 142112K [0x00000000f5580000, 0x0000000100000000, 0x0000000100000000)
  eden space 139264K, 100% used [0x00000000f5580000,0x00000000fdd80000,0x00000000fdd80000)
  from space 16384K, 17% used [0x00000000fdd80000,0x00000000fe048040,0x00000000fed80000)
  to   space 16384K, 0% used [0x00000000ff000000,0x00000000ff000000,0x0000000100000000)
 ParOldGen       total 197120K, used 47332K [0x00000000e0000000, 0x00000000ec080000, 0x00000000f5580000)
  object space 197120K, 24% used [0x00000000e0000000,0x00000000e2e390f8,0x00000000ec080000)
 Metaspace       used 66923K, capacity 71246K, committed 71384K, reserved 1110016K
  class space    used 9140K, capacity 9934K, committed 9984K, reserved 1048576K
Event: 163.081 GC heap after
Heap after GC invocations=29 (full 3):
 PSYoungGen      total 157184K, used 6048K [0x00000000f5580000, 0x00000000fff00000, 0x0000000100000000)
  eden space 141824K, 0% used [0x00000000f5580000,0x00000000f5580000,0x00000000fe000000)
  from space 15360K, 39% used [0x00000000ff000000,0x00000000ff5e8000,0x00000000fff00000)
  to   space 15872K, 0% used [0x00000000fe000000,0x00000000fe000000,0x00000000fef80000)
 ParOldGen       total 197120K, used 49885K [0x00000000e0000000, 0x00000000ec080000, 0x00000000f5580000)
  object space 197120K, 25% used [0x00000000e0000000,0x00000000e30b74a8,0x00000000ec080000)
 Metaspace       used 66923K, capacity 71246K, committed 71384K, reserved 1110016K
  class space    used 9140K, capacity 9934K, committed 9984K, reserved 1048576K
}
Event: 170.476 GC heap before
{Heap before GC invocations=30 (full 3):
 PSYoungGen      total 157184K, used 147872K [0x00000000f5580000, 0x00000000fff00000, 0x0000000100000000)
  eden space 141824K, 100% used [0x00000000f5580000,0x00000000fe000000,0x00000000fe000000)
  from space 15360K, 39% used [0x00000000ff000000,0x00000000ff5e8000,0x00000000fff00000)
  to   space 15872K, 0% used [0x00000000fe000000,0x00000000fe000000,0x00000000fef80000)
 ParOldGen       total 197120K, used 49885K [0x00000000e0000000, 0x00000000ec080000, 0x00000000f5580000)
  object space 197120K, 25% used [0x00000000e0000000,0x00000000e30b74a8,0x00000000ec080000)
 Metaspace       used 67476K, capacity 71976K, committed 72280K, reserved 1112064K
  class space    used 9206K, capacity 10037K, committed 10112K, reserved 1048576K
Event: 170.495 GC heap after
Heap after GC invocations=30 (full 3):
 PSYoungGen      total 157696K, used 2240K [0x00000000f5580000, 0x0000000100000000, 0x0000000100000000)
  eden space 141824K, 0% used [0x00000000f5580000,0x00000000f5580000,0x00000000fe000000)
  from space 15872K, 14% used [0x00000000fe000000,0x00000000fe230000,0x00000000fef80000)
  to   space 15872K, 0% used [0x00000000ff080000,0x00000000ff080000,0x0000000100000000)
 ParOldGen       total 197120K, used 55278K [0x00000000e0000000, 0x00000000ec080000, 0x00000000f5580000)
  object space 197120K, 28% used [0x00000000e0000000,0x00000000e35fb858,0x00000000ec080000)
 Metaspace       used 67476K, capacity 71976K, committed 72280K, reserved 1112064K
  class space    used 9206K, capacity 10037K, committed 10112K, reserved 1048576K
}
Event: 186.925 GC heap before
{Heap before GC invocations=31 (full 3):
 PSYoungGen      total 157696K, used 144064K [0x00000000f5580000, 0x0000000100000000, 0x0000000100000000)
  eden space 141824K, 100% used [0x00000000f5580000,0x00000000fe000000,0x00000000fe000000)
  from space 15872K, 14% used [0x00000000fe000000,0x00000000fe230000,0x00000000fef80000)
  to   space 15872K, 0% used [0x00000000ff080000,0x00000000ff080000,0x0000000100000000)
 ParOldGen       total 197120K, used 55278K [0x00000000e0000000, 0x00000000ec080000, 0x00000000f5580000)
  object space 197120K, 28% used [0x00000000e0000000,0x00000000e35fb858,0x00000000ec080000)
 Metaspace       used 67818K, capacity 72374K, committed 72536K, reserved 1112064K
  class space    used 9210K, capacity 10038K, committed 10112K, reserved 1048576K
Event: 186.934 GC heap after
Heap after GC invocations=31 (full 3):
 PSYoungGen      total 157696K, used 2035K [0x00000000f5580000, 0x00000000fff00000, 0x0000000100000000)
  eden space 142848K, 0% used [0x00000000f5580000,0x00000000f5580000,0x00000000fe100000)
  from space 14848K, 13% used [0x00000000ff080000,0x00000000ff27cf50,0x00000000fff00000)
  to   space 15360K, 0% used [0x00000000fe100000,0x00000000fe100000,0x00000000ff000000)
 ParOldGen       total 197120K, used 57114K [0x00000000e0000000, 0x00000000ec080000, 0x00000000f5580000)
  object space 197120K, 28% used [0x00000000e0000000,0x00000000e37c6b38,0x00000000ec080000)
 Metaspace       used 67818K, capacity 72374K, committed 72536K, reserved 1112064K
  class space    used 9210K, capacity 10038K, committed 10112K, reserved 1048576K
}
Event: 199.771 GC heap before
{Heap before GC invocations=32 (full 3):
 PSYoungGen      total 157696K, used 144883K [0x00000000f5580000, 0x00000000fff00000, 0x0000000100000000)
  eden space 142848K, 100% used [0x00000000f5580000,0x00000000fe100000,0x00000000fe100000)
  from space 14848K, 13% used [0x00000000ff080000,0x00000000ff27cf50,0x00000000fff00000)
  to   space 15360K, 0% used [0x00000000fe100000,0x00000000fe100000,0x00000000ff000000)
 ParOldGen       total 197120K, used 57114K [0x00000000e0000000, 0x00000000ec080000, 0x00000000f5580000)
  object space 197120K, 28% used [0x00000000e0000000,0x00000000e37c6b38,0x00000000ec080000)
 Metaspace       used 68827K, capacity 73430K, committed 73688K, reserved 1112064K
  class space    used 9333K, capacity 10176K, committed 10240K, reserved 1048576K
Event: 199.784 GC heap after
Heap after GC invocations=32 (full 3):
 PSYoungGen      total 158208K, used 5980K [0x00000000f5580000, 0x00000000fff80000, 0x0000000100000000)
  eden space 142848K, 0% used [0x00000000f5580000,0x00000000f5580000,0x00000000fe100000)
  from space 15360K, 38% used [0x00000000fe100000,0x00000000fe6d7180,0x00000000ff000000)
  to   space 14848K, 0% used [0x00000000ff100000,0x00000000ff100000,0x00000000fff80000)
 ParOldGen       total 197120K, used 58509K [0x00000000e0000000, 0x00000000ec080000, 0x00000000f5580000)
  object space 197120K, 29% used [0x00000000e0000000,0x00000000e3923400,0x00000000ec080000)
 Metaspace       used 68827K, capacity 73430K, committed 73688K, reserved 1112064K
  class space    used 9333K, capacity 10176K, committed 10240K, reserved 1048576K
}
Event: 232.954 GC heap before
{Heap before GC invocations=33 (full 3):
 PSYoungGen      total 158208K, used 148828K [0x00000000f5580000, 0x00000000fff80000, 0x0000000100000000)
  eden space 142848K, 100% used [0x00000000f5580000,0x00000000fe100000,0x00000000fe100000)
  from space 15360K, 38% used [0x00000000fe100000,0x00000000fe6d7180,0x00000000ff000000)
  to   space 14848K, 0% used [0x00000000ff100000,0x00000000ff100000,0x00000000fff80000)
 ParOldGen       total 197120K, used 58509K [0x00000000e0000000, 0x00000000ec080000, 0x00000000f5580000)
  object space 197120K, 29% used [0x00000000e0000000,0x00000000e3923400,0x00000000ec080000)
 Metaspace       used 69108K, capacity 73654K, committed 73688K, reserved 1112064K
  class space    used 9346K, capacity 10208K, committed 10240K, reserved 1048576K
Event: 232.965 GC heap after
Heap after GC invocations=33 (full 3):
 PSYoungGen      total 158208K, used 7656K [0x00000000f5580000, 0x00000000ffe80000, 0x0000000100000000)
  eden space 144384K, 0% used [0x00000000f5580000,0x00000000f5580000,0x00000000fe280000)
  from space 13824K, 55% used [0x00000000ff100000,0x00000000ff87a2e8,0x00000000ffe80000)
  to   space 14336K, 0% used [0x00000000fe280000,0x00000000fe280000,0x00000000ff080000)
 ParOldGen       total 197120K, used 58517K [0x00000000e0000000, 0x00000000ec080000, 0x00000000f5580000)
  object space 197120K, 29% used [0x00000000e0000000,0x00000000e3925400,0x00000000ec080000)
 Metaspace       used 69108K, capacity 73654K, committed 73688K, reserved 1112064K
  class space    used 9346K, capacity 10208K, committed 10240K, reserved 1048576K
}

Deoptimization events (10 events):
Event: 242.423 Thread 0x0000000016c49000 Uncommon trap: reason=bimorphic action=maybe_recompile pc=0x000000000482ed98 method=java.util.stream.ForEachOps$ForEachOp.evaluateSequential(Ljava/util/stream/PipelineHelper;Ljava/util/Spliterator;)Ljava/lang/Void; @ 3
Event: 242.423 Thread 0x0000000016c49000 Uncommon trap: reason=bimorphic action=maybe_recompile pc=0x000000000482ed98 method=java.util.stream.ForEachOps$ForEachOp.evaluateSequential(Ljava/util/stream/PipelineHelper;Ljava/util/Spliterator;)Ljava/lang/Void; @ 3
Event: 242.423 Thread 0x0000000016c49000 Uncommon trap: reason=bimorphic action=maybe_recompile pc=0x000000000482ed98 method=java.util.stream.ForEachOps$ForEachOp.evaluateSequential(Ljava/util/stream/PipelineHelper;Ljava/util/Spliterator;)Ljava/lang/Void; @ 3
Event: 242.423 Thread 0x0000000016c49000 Uncommon trap: reason=bimorphic action=maybe_recompile pc=0x000000000482ed98 method=java.util.stream.ForEachOps$ForEachOp.evaluateSequential(Ljava/util/stream/PipelineHelper;Ljava/util/Spliterator;)Ljava/lang/Void; @ 3
Event: 242.529 Thread 0x0000000016c49000 Uncommon trap: reason=unstable_if action=reinterpret pc=0x00000000049e7008 method=org.gradle.internal.dispatch.MethodInvocation.<init>(Ljava/lang/reflect/Method;[Ljava/lang/Object;)V @ 11
Event: 242.575 Thread 0x000000001a9b1000 Uncommon trap: reason=class_check action=maybe_recompile pc=0x000000000384d1f4 method=java.util.concurrent.locks.ReentrantLock.lock()V @ 4
Event: 242.579 Thread 0x0000000016c49000 Uncommon trap: reason=class_check action=maybe_recompile pc=0x000000000383de80 method=java.util.HashMap.removeNode(ILjava/lang/Object;Ljava/lang/Object;ZZ)Ljava/util/HashMap$Node; @ 68
Event: 242.648 Thread 0x000000001a6c4800 Uncommon trap: reason=class_check action=maybe_recompile pc=0x000000000384d1f4 method=java.util.concurrent.locks.ReentrantLock.lock()V @ 4
Event: 242.653 Thread 0x0000000016c49000 Uncommon trap: reason=class_check action=maybe_recompile pc=0x000000000383de80 method=java.util.HashMap.removeNode(ILjava/lang/Object;Ljava/lang/Object;ZZ)Ljava/util/HashMap$Node; @ 68
Event: 242.662 Thread 0x000000001a9bc800 Uncommon trap: reason=class_check action=maybe_recompile pc=0x000000000384d1f4 method=java.util.concurrent.locks.ReentrantLock.lock()V @ 4

Classes redefined (0 events):
No events

Internal exceptions (10 events):
Event: 233.008 Thread 0x0000000016c49000 Exception <a 'java/lang/ClassNotFoundException': org/jetbrains/plugins/gradle/tooling/util/StringUtilsCustomizer> (0x00000000f5a4ba78) thrown at [C:\re\workspace\8-2-build-windows-amd64-cygwin\jdk8u202\12323\hotspot\src\share\vm\classfile\systemDictionary
Event: 240.820 Thread 0x0000000016c49000 Implicit null exception at 0x0000000004005c10 to 0x0000000004005ce6
Event: 242.008 Thread 0x000000001a6bf000 Exception <a 'java/lang/NoSuchMethodError': <clinit>> (0x00000000fb9a5ed8) thrown at [C:\re\workspace\8-2-build-windows-amd64-cygwin\jdk8u202\12323\hotspot\src\share\vm\prims\jni.cpp, line 1614]
Event: 242.067 Thread 0x000000001a6bf000 Exception <a 'java/lang/NoSuchMethodError': <clinit>> (0x00000000fc3b7948) thrown at [C:\re\workspace\8-2-build-windows-amd64-cygwin\jdk8u202\12323\hotspot\src\share\vm\prims\jni.cpp, line 1614]
Event: 242.106 Thread 0x0000000016c60800 Exception <a 'java/lang/NoSuchMethodError': <clinit>> (0x00000000f7330800) thrown at [C:\re\workspace\8-2-build-windows-amd64-cygwin\jdk8u202\12323\hotspot\src\share\vm\prims\jni.cpp, line 1614]
Event: 242.108 Thread 0x0000000016c60800 Exception <a 'java/lang/NoSuchMethodError': <clinit>> (0x00000000fc8c33a8) thrown at [C:\re\workspace\8-2-build-windows-amd64-cygwin\jdk8u202\12323\hotspot\src\share\vm\prims\jni.cpp, line 1614]
Event: 242.110 Thread 0x0000000016c60800 Exception <a 'java/lang/NoSuchMethodError': <clinit>> (0x00000000fc8d7c90) thrown at [C:\re\workspace\8-2-build-windows-amd64-cygwin\jdk8u202\12323\hotspot\src\share\vm\prims\jni.cpp, line 1614]
Event: 242.158 Thread 0x0000000016c60800 Exception <a 'java/lang/NoSuchMethodError': <clinit>> (0x00000000fc8efcc0) thrown at [C:\re\workspace\8-2-build-windows-amd64-cygwin\jdk8u202\12323\hotspot\src\share\vm\prims\jni.cpp, line 1614]
Event: 242.159 Thread 0x0000000016c60800 Exception <a 'java/lang/NoSuchMethodError': <clinit>> (0x00000000fc8ff500) thrown at [C:\re\workspace\8-2-build-windows-amd64-cygwin\jdk8u202\12323\hotspot\src\share\vm\prims\jni.cpp, line 1614]
Event: 242.250 Thread 0x0000000016c49000 Implicit null exception at 0x00000000039a59b1 to 0x00000000039a5a42

Events (10 events):
Event: 242.652 Executing VM operation: RevokeBias done
Event: 242.653 Thread 0x0000000016c49000 Uncommon trap: trap_request=0xffffffde fr.pc=0x000000000383de80
Event: 242.653 Thread 0x0000000016c49000 DEOPT PACKING pc=0x000000000383de80 sp=0x00000000190dbbe0
Event: 242.653 Thread 0x0000000016c49000 DEOPT UNPACKING pc=0x000000000273583b sp=0x00000000190dbae8 mode 2
Event: 242.662 Thread 0x000000001a9bc800 Uncommon trap: trap_request=0xffffffde fr.pc=0x000000000384d1f4
Event: 242.662 Thread 0x000000001a9bc800 DEOPT PACKING pc=0x000000000384d1f4 sp=0x000000001ffdef40
Event: 242.662 Thread 0x000000001a9bc800 DEOPT UNPACKING pc=0x000000000273583b sp=0x000000001ffdeef8 mode 2
Event: 242.663 Executing VM operation: RevokeBias
Event: 242.663 Executing VM operation: RevokeBias done
Event: 242.663 Thread 0x000000001a9bc800 Thread exited: 0x000000001a9bc800


Dynamic libraries:
0x00007ff75e540000 - 0x00007ff75e577000 	C:\Program Files\Java\jdk1.8.0_202\bin\java.exe
0x00007ffb5b450000 - 0x00007ffb5b648000 	C:\Windows\SYSTEM32\ntdll.dll
0x00007ffb5aa10000 - 0x00007ffb5aacd000 	C:\Windows\System32\KERNEL32.DLL
0x00007ffb58f90000 - 0x00007ffb59262000 	C:\Windows\System32\KERNELBASE.dll
0x00007ffb598b0000 - 0x00007ffb5995e000 	C:\Windows\System32\ADVAPI32.dll
0x00007ffb596e0000 - 0x00007ffb5977e000 	C:\Windows\System32\msvcrt.dll
0x00007ffb5a700000 - 0x00007ffb5a79c000 	C:\Windows\System32\sechost.dll
0x00007ffb59780000 - 0x00007ffb598a5000 	C:\Windows\System32\RPCRT4.dll
0x00007ffb5adf0000 - 0x00007ffb5af8d000 	C:\Windows\System32\USER32.dll
0x00007ffb58bb0000 - 0x00007ffb58bd2000 	C:\Windows\System32\win32u.dll
0x00007ffb5a960000 - 0x00007ffb5a98b000 	C:\Windows\System32\GDI32.dll
0x00007ffb58e80000 - 0x00007ffb58f8f000 	C:\Windows\System32\gdi32full.dll
0x00007ffb58c50000 - 0x00007ffb58ced000 	C:\Windows\System32\msvcp_win.dll
0x00007ffb58d80000 - 0x00007ffb58e80000 	C:\Windows\System32\ucrtbase.dll
0x00007ffb48990000 - 0x00007ffb48c2a000 	C:\Windows\WinSxS\amd64_microsoft.windows.common-controls_6595b64144ccf1df_6.0.19041.1110_none_60b5254171f9507e\COMCTL32.dll
0x00007ffb5a650000 - 0x00007ffb5a680000 	C:\Windows\System32\IMM32.DLL
0x0000000070850000 - 0x0000000070922000 	C:\Program Files\Java\jdk1.8.0_202\jre\bin\msvcr100.dll
0x000000006ffa0000 - 0x0000000070845000 	C:\Program Files\Java\jdk1.8.0_202\jre\bin\server\jvm.dll
0x00007ffb5a7a0000 - 0x00007ffb5a7a8000 	C:\Windows\System32\PSAPI.DLL
0x00007ffb53a00000 - 0x00007ffb53a27000 	C:\Windows\SYSTEM32\WINMM.dll
0x00007ffb52380000 - 0x00007ffb5238a000 	C:\Windows\SYSTEM32\VERSION.dll
0x00007ffb52b20000 - 0x00007ffb52b29000 	C:\Windows\SYSTEM32\WSOCK32.dll
0x00007ffb5a680000 - 0x00007ffb5a6eb000 	C:\Windows\System32\WS2_32.dll
0x00007ffb392f0000 - 0x00007ffb392ff000 	C:\Program Files\Java\jdk1.8.0_202\jre\bin\verify.dll
0x00007ffb38d30000 - 0x00007ffb38d59000 	C:\Program Files\Java\jdk1.8.0_202\jre\bin\java.dll
0x00007ffb37cd0000 - 0x00007ffb37ce6000 	C:\Program Files\Java\jdk1.8.0_202\jre\bin\zip.dll
0x00007ffb59960000 - 0x00007ffb5a0a3000 	C:\Windows\System32\SHELL32.dll
0x00007ffb56a30000 - 0x00007ffb571c1000 	C:\Windows\SYSTEM32\windows.storage.dll
0x00007ffb5af90000 - 0x00007ffb5b2e4000 	C:\Windows\System32\combase.dll
0x00007ffb58550000 - 0x00007ffb58580000 	C:\Windows\SYSTEM32\Wldp.dll
0x00007ffb5aad0000 - 0x00007ffb5ab7d000 	C:\Windows\System32\SHCORE.dll
0x00007ffb59510000 - 0x00007ffb59565000 	C:\Windows\System32\shlwapi.dll
0x00007ffb58aa0000 - 0x00007ffb58abf000 	C:\Windows\SYSTEM32\profapi.dll
0x00007ffb37570000 - 0x00007ffb3758a000 	C:\Program Files\Java\jdk1.8.0_202\jre\bin\net.dll
0x00007ffb4cc00000 - 0x00007ffb4cded000 	C:\Windows\SYSTEM32\urlmon.dll
0x00007ffb4b1e0000 - 0x00007ffb4b208000 	C:\Windows\SYSTEM32\srvcli.dll
0x00007ffb4a3d0000 - 0x00007ffb4a681000 	C:\Windows\SYSTEM32\iertutil.dll
0x00007ffb58040000 - 0x00007ffb5804c000 	C:\Windows\SYSTEM32\netutils.dll
0x00007ffb58240000 - 0x00007ffb582aa000 	C:\Windows\system32\mswsock.dll
0x00007ffb37510000 - 0x00007ffb37522000 	C:\Program Files\Java\jdk1.8.0_202\jre\bin\nio.dll
0x00007ffb3beb0000 - 0x00007ffb3bed7000 	C:\Users\WELCOME\.gradle\native\e1d6ef7f7dcc3fd88c89a11ec53ec762bb8ba0a96d01ffa2cd45eb1d1d8dd5c5\windows-amd64\native-platform.dll
0x00007ffb38fa0000 - 0x00007ffb390e4000 	C:\Users\WELCOME\.gradle\native\0d407fdbe67a94daf76414ababcb853783967236a71b16ec16e742cd7a986fd3\windows-amd64\native-platform-file-events.dll
0x00007ffb38cd0000 - 0x00007ffb38cdd000 	C:\Program Files\Java\jdk1.8.0_202\jre\bin\management.dll
0x00007ffb58430000 - 0x00007ffb58448000 	C:\Windows\SYSTEM32\CRYPTSP.dll
0x00007ffb57b30000 - 0x00007ffb57b64000 	C:\Windows\system32\rsaenh.dll
0x00007ffb59270000 - 0x00007ffb59297000 	C:\Windows\System32\bcrypt.dll
0x00007ffb58a60000 - 0x00007ffb58a8e000 	C:\Windows\SYSTEM32\USERENV.dll
0x00007ffb58cf0000 - 0x00007ffb58d72000 	C:\Windows\System32\bcryptprimitives.dll
0x00007ffb58450000 - 0x00007ffb5845c000 	C:\Windows\SYSTEM32\CRYPTBASE.dll
0x00007ffb57f10000 - 0x00007ffb57f4b000 	C:\Windows\SYSTEM32\IPHLPAPI.DLL
0x00007ffb5aba0000 - 0x00007ffb5aba8000 	C:\Windows\System32\NSI.dll
0x00007ffb4f660000 - 0x00007ffb4f677000 	C:\Windows\SYSTEM32\dhcpcsvc6.DLL
0x00007ffb50490000 - 0x00007ffb504ad000 	C:\Windows\SYSTEM32\dhcpcsvc.DLL
0x00007ffb57f70000 - 0x00007ffb5803a000 	C:\Windows\SYSTEM32\DNSAPI.dll
0x00007ffb33a00000 - 0x00007ffb33a24000 	C:\Program Files\Java\jdk1.8.0_202\jre\bin\sunec.dll
0x00007ffb38b30000 - 0x00007ffb38b3b000 	C:\Program Files\Java\jdk1.8.0_202\jre\bin\sunmscapi.dll
0x00007ffb59350000 - 0x00007ffb594a6000 	C:\Windows\System32\CRYPT32.dll
0x00007ffb4db00000 - 0x00007ffb4db0a000 	C:\Windows\System32\rasadhlp.dll
0x00007ffb4e6f0000 - 0x00007ffb4e770000 	C:\Windows\System32\fwpuclnt.dll

VM Arguments:
jvm_args: -XX:MaxMetaspaceSize=256m -XX:+HeapDumpOnOutOfMemoryError -Xms256m -Xmx512m -Dfile.encoding=windows-1252 -Duser.country=IN -Duser.language=en -Duser.variant 
java_command: org.gradle.launcher.daemon.bootstrap.GradleDaemon 7.4
java_class_path (initial): C:\Users\WELCOME\.gradle\wrapper\dists\gradle-7.4-all\aadb4xli5jkdsnukm30eibyiu\gradle-7.4\lib\gradle-launcher-7.4.jar
Launcher Type: SUN_STANDARD

Environment Variables:
PATH=C:\Program Files (x86)\Common Files\Oracle\Java\javapath;C:\Program Files (x86)\Microsoft SDKs\Azure\CLI2\wbin;C:\Windows\system32;C:\Windows;C:\Windows\System32\Wbem;C:\Windows\System32\WindowsPowerShell\v1.0\;C:\Windows\System32\OpenSSH\;C:\Program Files\dotnet\;C:\Program Files\Microsoft SQL Server\130\Tools\Binn\;C:\Users\WELCOME\Downloads\terraform_1.0.5_windows_amd64;C:\Program Files\PuTTY\;C:\Program Files (x86)\Microsoft SQL Server\150\DTS\Binn\;C:\Program Files\Azure Data Studio\bin;C:\Program Files (x86)\dotnet\;C:\Program Files\PowerShell\7\;C:\Program Files\Java\jre1.8.0_202\bin;C:\Program Files\Docker\Docker\resources\bin;C:\Program Files\Kubernetes\Minikube;C:\Program Files\Git\cmd;C:\Users\WELCOME\AppData\Local\Microsoft\WindowsApps;C:\Users\WELCOME\AppData\Local\Programs\Microsoft VS Code\bin;C:\Users\WELCOME\.dotnet\tools;C:\Program Files\Azure Data Studio\bin;C:\Program Files\Java\jre1.8.0_202\bin;C:\Program Files\Docker\Docker;C:\Program Files\Kubernetes\Minikube;
USERNAME=WELCOME
OS=Windows_NT
PROCESSOR_IDENTIFIER=Intel64 Family 6 Model 142 Stepping 9, GenuineIntel



---------------  S Y S T E M  ---------------

OS: Windows 10.0 , 64 bit Build 19041 (10.0.19041.1889)

CPU:total 4 (initial active 4) (2 cores per cpu, 2 threads per core) family 6 model 142 stepping 9, cmov, cx8, fxsr, mmx, sse, sse2, sse3, ssse3, sse4.1, sse4.2, popcnt, avx, avx2, aes, clmul, erms, 3dnowpref, lzcnt, ht, tsc, tscinvbit, bmi1, bmi2, adx

Memory: 4k page, physical 8295652k(265248k free), swap 23844712k(2688k free)

vm_info: Java HotSpot(TM) 64-Bit Server VM (25.202-b08) for windows-amd64 JRE (1.8.0_202-b08), built on Dec 15 2018 19:54:30 by "java_re" with MS VC++ 10.0 (VS2010)

time: Sat Dec 17 23:50:26 2022
timezone: India Standard Time
elapsed time: 242 seconds (0d 0h 4m 2s)

